app/build/outputs/logs/manifest-merger-debug-report.txt
-- Merging decision tree log ---
manifest
ADDED from src/main/AndroidManifest.xml:2:1-90:12
	package
		ADDED from src/main/AndroidManifest.xml:3:5-30
		INJECTED from src/main/AndroidManifest.xml
		INJECTED from src/main/AndroidManifest.xml
	android:versionName
		ADDED from src/main/AndroidManifest.xml:5:5-30
		INJECTED from src/main/AndroidManifest.xml
		INJECTED from src/main/AndroidManifest.xml
	android:versionCode
		ADDED from src/main/AndroidManifest.xml:4:5-28
		INJECTED from src/main/AndroidManifest.xml
		INJECTED from src/main/AndroidManifest.xml
	xmlns:android
		ADDED from src/main/AndroidManifest.xml:2:11-69
uses-sdk
ADDED from src/main/AndroidManifest.xml:7:5-9:41
MERGED from [com.android.support:appcompat-v7:19.1.0] AndroidManifest.xml:18:5-42
	android:targetSdkVersion
		ADDED from src/main/AndroidManifest.xml:9:9-38
		INJECTED from src/main/AndroidManifest.xml
		INJECTED from src/main/AndroidManifest.xml
	android:minSdkVersion
		ADDED from src/main/AndroidManifest.xml:8:9-34
		INJECTED from src/main/AndroidManifest.xml
		INJECTED from src/main/AndroidManifest.xml
uses-permission#android.permission.RECEIVE_BOOT_COMPLETED
ADDED from src/main/AndroidManifest.xml:11:5-81
	android:name
		ADDED from src/main/AndroidManifest.xml:11:22-78
uses-permission#android.permission.ACCESS_FINE_LOCATION
ADDED from src/main/AndroidManifest.xml:12:5-79
	android:name
		ADDED from src/main/AndroidManifest.xml:12:22-76
uses-permission#android.permission.INTERNET
ADDED from src/main/AndroidManifest.xml:13:5-67
	android:name
		ADDED from src/main/AndroidManifest.xml:13:22-64
uses-permission#android.permission.RECEIVE_SMS
ADDED from src/main/AndroidManifest.xml:14:5-70
	android:name
		ADDED from src/main/AndroidManifest.xml:14:22-67
uses-permission#android.permission.RECEIVE_WAP_PUSH
ADDED from src/main/AndroidManifest.xml:15:5-75
	android:name
		ADDED from src/main/AndroidManifest.xml:15:22-72
uses-permission#android.permission.RECEIVE_MMS
ADDED from src/main/AndroidManifest.xml:16:5-70
	android:name
		ADDED from src/main/AndroidManifest.xml:16:22-67
uses-permission#android.permission.READ_SMS
ADDED from src/main/AndroidManifest.xml:17:5-67
	android:name
		ADDED from src/main/AndroidManifest.xml:17:22-64
uses-permission#android.permission.READ_CONTACTS
ADDED from src/main/AndroidManifest.xml:18:5-72
	android:name
		ADDED from src/main/AndroidManifest.xml:18:22-69
uses-permission#com.android.browser.permission.READ_HISTORY_BOOKMARKS
ADDED from src/main/AndroidManifest.xml:19:5-93
	android:name
		ADDED from src/main/AndroidManifest.xml:19:22-90
uses-permission#android.permission.GET_ACCOUNTS
ADDED from src/main/AndroidManifest.xml:20:5-71
	android:name
		ADDED from src/main/AndroidManifest.xml:20:22-68
uses-permission#android.permission.READ_LOGS
ADDED from src/main/AndroidManifest.xml:21:5-68
	android:name
		ADDED from src/main/AndroidManifest.xml:21:22-65
uses-permission#android.permission.READ_CALENDAR
ADDED from src/main/AndroidManifest.xml:22:5-72
	android:name
		ADDED from src/main/AndroidManifest.xml:22:22-69
uses-permission#android.permission.READ_PHONE_STATE
ADDED from src/main/AndroidManifest.xml:23:5-75
	android:name
		ADDED from src/main/AndroidManifest.xml:23:22-72
uses-permission#android.permission.READ_CALL_LOG
ADDED from src/main/AndroidManifest.xml:24:5-72
	android:name
		ADDED from src/main/AndroidManifest.xml:24:22-69
uses-permission#android.permission.BLUETOOTH
ADDED from src/main/AndroidManifest.xml:25:5-68
	android:name
		ADDED from src/main/AndroidManifest.xml:25:22-65
uses-permission#android.permission.BLUETOOTH_ADMIN
ADDED from src/main/AndroidManifest.xml:26:5-74
	android:name
		ADDED from src/main/AndroidManifest.xml:26:22-71
uses-permission#android.permission.READ_EXTERNAL_STORAGE
ADDED from src/main/AndroidManifest.xml:27:5-80
	android:name
		ADDED from src/main/AndroidManifest.xml:27:22-77
uses-permission#android.permission.WRITE_EXTERNAL_STORAGE
ADDED from src/main/AndroidManifest.xml:28:5-81
	android:name
		ADDED from src/main/AndroidManifest.xml:28:22-78
uses-permission#android.permission.READ_PROFILE
ADDED from src/main/AndroidManifest.xml:29:5-71
	android:name
		ADDED from src/main/AndroidManifest.xml:29:22-68
application
ADDED from src/main/AndroidManifest.xml:31:5-88:19
MERGED from [com.android.support:appcompat-v7:19.1.0] AndroidManifest.xml:19:5-20
	android:label
		ADDED from src/main/AndroidManifest.xml:34:9-41
	android:allowBackup
		ADDED from src/main/AndroidManifest.xml:32:9-35
	android:icon
		ADDED from src/main/AndroidManifest.xml:33:9-45
	android:theme
		ADDED from src/main/AndroidManifest.xml:35:9-40
activity#com.andrologger.AndroidDatabaseManager
ADDED from src/main/AndroidManifest.xml:36:9-60
	android:name
		ADDED from src/main/AndroidManifest.xml:36:19-57
activity#com.andrologger.QuestionGeneration
ADDED from src/main/AndroidManifest.xml:37:9-56
	android:name
		ADDED from src/main/AndroidManifest.xml:37:19-53
activity#com.andrologger.AndroLogger
ADDED from src/main/AndroidManifest.xml:38:9-46:20
	android:label
		ADDED from src/main/AndroidManifest.xml:40:13-63
	android:name
		ADDED from src/main/AndroidManifest.xml:39:13-40
intent-filter#android.intent.action.MAIN+android.intent.category.LAUNCHER
ADDED from src/main/AndroidManifest.xml:41:13-45:29
action#android.intent.action.MAIN
ADDED from src/main/AndroidManifest.xml:42:17-69
	android:name
		ADDED from src/main/AndroidManifest.xml:42:25-66
category#android.intent.category.LAUNCHER
ADDED from src/main/AndroidManifest.xml:44:17-77
	android:name
		ADDED from src/main/AndroidManifest.xml:44:27-74
activity#com.andrologger.ConsentBanner
ADDED from src/main/AndroidManifest.xml:47:9-50:64
	android:launchMode
		ADDED from src/main/AndroidManifest.xml:49:13-48
	android:theme
		ADDED from src/main/AndroidManifest.xml:50:13-61
	android:name
		ADDED from src/main/AndroidManifest.xml:48:13-42
service#com.andrologger.WatcherService
ADDED from src/main/AndroidManifest.xml:52:9-58:19
	android:exported
		ADDED from src/main/AndroidManifest.xml:54:13-37
	android:name
		ADDED from src/main/AndroidManifest.xml:53:13-43
intent-filter#com.andrologger.WatcherService
ADDED from src/main/AndroidManifest.xml:55:13-57:29
action#com.andrologger.WatcherService
ADDED from src/main/AndroidManifest.xml:56:17-73
	android:name
		ADDED from src/main/AndroidManifest.xml:56:25-70
receiver#com.andrologger.StartupIntentReceiver
ADDED from src/main/AndroidManifest.xml:60:9-66:20
	android:name
		ADDED from src/main/AndroidManifest.xml:60:19-56
intent-filter#android.intent.action.BOOT_COMPLETED+android.intent.category.HOME
ADDED from src/main/AndroidManifest.xml:61:13-65:29
action#android.intent.action.BOOT_COMPLETED
ADDED from src/main/AndroidManifest.xml:62:17-79
	android:name
		ADDED from src/main/AndroidManifest.xml:62:25-76
category#android.intent.category.HOME
ADDED from src/main/AndroidManifest.xml:64:17-73
	android:name
		ADDED from src/main/AndroidManifest.xml:64:27-70
receiver#com.andrologger.CalendarWatcher
ADDED from src/main/AndroidManifest.xml:67:9-53
	android:name
		ADDED from src/main/AndroidManifest.xml:67:19-50
receiver#com.andrologger.LocationWatcher
ADDED from src/main/AndroidManifest.xml:68:9-53
	android:name
		ADDED from src/main/AndroidManifest.xml:68:19-50
receiver#com.andrologger.BrowserHistoryWatcher
ADDED from src/main/AndroidManifest.xml:69:9-59
	android:name
		ADDED from src/main/AndroidManifest.xml:69:19-56
receiver#com.andrologger.LogcatWatcher
ADDED from src/main/AndroidManifest.xml:70:9-51
	android:name
		ADDED from src/main/AndroidManifest.xml:70:19-48
receiver#com.andrologger.MMSOutgoingWatcher
ADDED from src/main/AndroidManifest.xml:71:9-56
	android:name
		ADDED from src/main/AndroidManifest.xml:71:19-53
receiver#com.andrologger.AppWatcher
ADDED from src/main/AndroidManifest.xml:72:9-48
	android:name
		ADDED from src/main/AndroidManifest.xml:72:19-45
receiver#com.andrologger.SMSIncomingWatcher
ADDED from src/main/AndroidManifest.xml:73:9-56
	android:name
		ADDED from src/main/AndroidManifest.xml:73:19-53
receiver#com.andrologger.MMSIncomingWatcher
ADDED from src/main/AndroidManifest.xml:74:9-56
	android:name
		ADDED from src/main/AndroidManifest.xml:74:19-53
receiver#com.andrologger.LocationProviderWatcher
ADDED from src/main/AndroidManifest.xml:75:9-61
	android:name
		ADDED from src/main/AndroidManifest.xml:75:19-58
receiver#com.andrologger.Transfer
ADDED from src/main/AndroidManifest.xml:76:9-46
	android:name
		ADDED from src/main/AndroidManifest.xml:76:19-43
receiver#com.andrologger.BluetoothStatus
ADDED from src/main/AndroidManifest.xml:77:9-53
	android:name
		ADDED from src/main/AndroidManifest.xml:77:19-50
provider#com.andrologger.AndroLoggerProvider
ADDED from src/main/AndroidManifest.xml:79:9-83:43
	android:authorities
		ADDED from src/main/AndroidManifest.xml:81:13-70
	android:multiprocess
		ADDED from src/main/AndroidManifest.xml:83:13-40
	android:exported
		ADDED from src/main/AndroidManifest.xml:82:13-37
	android:name
		ADDED from src/main/AndroidManifest.xml:80:13-48
activity#com.andrologger.SendServer
ADDED from src/main/AndroidManifest.xml:85:9-87:69
	android:label
		ADDED from src/main/AndroidManifest.xml:87:13-57
	android:name
		ADDED from src/main/AndroidManifest.xml:86:13-39